<?xml version="1.0" encoding="UTF-8"?>
<!-- Generated by org.testng.reporters.JUnitReportReporter -->
<testsuite skipped="0" hostname="IN-BLR-EPGA72" name="testONB.PHVProcess" tests="1" failures="0" timestamp="2020-11-19T13:16:21 IST" time="196.090" errors="0">
  <testcase name="onboarding" time="196.090" classname="testONB.PHVProcess"/>
  <system-out/>
</testsuite> <!-- testONB.PHVProcess -->
