<?xml version="1.0" encoding="UTF-8"?>
<!-- Generated by org.testng.reporters.JUnitReportReporter -->
<testsuite skipped="0" hostname="IN-BLR-EPGA72" name="test1.RCMProcess" tests="1" failures="0" timestamp="2020-10-28T17:20:52 IST" time="94.201" errors="0">
  <testcase name="UK_CareerSite_For_ExternalPosting" time="94.201" classname="test1.RCMProcess"/>
  <system-out/>
</testsuite> <!-- test1.RCMProcess -->
