<?xml version="1.0" encoding="UTF-8"?>
<!-- Generated by org.testng.reporters.JUnitReportReporter -->
<testsuite skipped="0" hostname="IN-BLR-EPGA72" name="testRCM.RCMNewApplicationProcess" tests="1" failures="0" timestamp="2020-11-19T12:28:09 IST" time="921.399" errors="0">
  <testcase name="screening" time="921.399" classname="testRCM.RCMNewApplicationProcess"/>
  <system-out/>
</testsuite> <!-- testRCM.RCMNewApplicationProcess -->
