<?xml version="1.0" encoding="UTF-8"?>
<!-- Generated by org.testng.reporters.JUnitReportReporter -->
<testsuite skipped="0" hostname="IN-BLR-EPGA72" name="testONB.ONBSPOCVerificationtest" tests="1" failures="0" timestamp="2020-11-19T13:26:50 IST" time="151.613" errors="0">
  <testcase name="testONBSPOCProcess" time="151.613" classname="testONB.ONBSPOCVerificationtest"/>
  <system-out/>
</testsuite> <!-- testONB.ONBSPOCVerificationtest -->
