<?xml version="1.0" encoding="UTF-8"?>
<!-- Generated by org.testng.reporters.JUnitReportReporter -->
<testsuite skipped="0" hostname="IN-BLR-EPGA72" name="testRCM.OfferProcess" tests="1" failures="0" timestamp="2020-11-19T12:53:29 IST" time="1435.370" errors="0">
  <testcase name="offer" time="1435.370" classname="testRCM.OfferProcess"/>
  <system-out/>
</testsuite> <!-- testRCM.OfferProcess -->
